<?xml version="1.0" encoding="utf-8"?><testsuites name="pytest tests"><testsuite name="pytest" errors="0" failures="0" skipped="5" tests="219" time="9.330" timestamp="2026-09-07T15:28:53.913964-04:00" hostname="localhost"><testcase classname="tests.test_bridge_handling.TestParseLayer" name="test_defaults_to_zero" time="0.001" /><testcase classname="tests.test_bridge_handling.TestParseLayer" name="test_bridge_and_tunnel_inference" time="0.000" /><testcase classname="tests.test_bridge_handling.TestParseLayer" name="test_explicit_layer_tag_wins" time="0.001" /><testcase classname="tests.test_bridge_handling.TestParseLayer" name="test_invalid_layer_tag_falls_back" time="0.000" /><testcase classname="tests.test_bridge_handling.TestBridgeElevation" name="test_bridge_way_gets_elevation" time="0.006" /><testcase classname="tests.test_bridge_handling.TestBridgeElevation" name="test_bridge_without_layer_tag_implies_layer_1" time="0.002" /><testcase classname="tests.test_bridge_handling.TestBridgeElevation" name="test_tunnel_way_gets_negative_elevation" time="0.001" /><testcase classname="tests.test_bridge_handling.TestBridgeElevation" name="test_explicit_multi_level_layer" time="0.001" /><testcase classname="tests.test_bridge_handling.TestLayeredCrossings" name="test_different_layer_crossing_does_not_junction" time="0.001" /><testcase classname="tests.test_bridge_handling.TestLayeredCrossings" name="test_same_layer_crossing_still_junctions" time="0.001" /><testcase classname="tests.test_bridge_handling.TestLayeredCrossings" name="test_bridge_deck_junction_at_same_layer" time="0.001" /><testcase classname="tests.test_bridge_handling.TestBackwardCompatibility" name="test_missing_tags_default_to_ground_level" time="0.001" /><testcase classname="tests.test_bridge_handling.TestBackwardCompatibility" name="test_akron_citypack_all_ground_level" time="0.001"><skipped type="pytest.skip" message="akron_raw.osm not available">/workspace/scratch/ce59bb710a7c/raceGPS/tests/test_bridge_handling.py:215: akron_raw.osm not available</skipped></testcase><testcase classname="tests.test_build_orchestration" name="test_engine_mismatch_rejected_even_with_explicit_path" time="0.004" /><testcase classname="tests.test_build_orchestration" name="test_missing_tool_fails_preflight" time="0.005" /><testcase classname="tests.test_build_orchestration" name="test_legacy_quoted_override_is_resolved_to_engine_root" time="0.003" /><testcase classname="tests.test_build_orchestration" name="test_check_has_no_build_side_effects" time="0.133" /><testcase classname="tests.test_build_orchestration" name="test_failed_editor_stops_uat_and_preserves_log" time="0.014" /><testcase classname="tests.test_build_orchestration" name="test_stale_archive_rejected_before_any_build" time="0.014" /><testcase classname="tests.test_build_orchestration" name="test_windows_package_must_contain_game_and_cooked_content" time="0.007" /><testcase classname="tests.test_build_orchestration" name="test_successful_fake_tools_retain_commands_and_do_not_claim_playtest" time="0.020" /><testcase classname="tests.test_build_orchestration" name="test_mac_commands_use_mac_not_linux" time="0.002" /><testcase classname="tests.test_chunked_fetch.TestTileGridMath" name="test_small_bbox_single_tile" time="0.000" /><testcase classname="tests.test_chunked_fetch.TestTileGridMath" name="test_exact_cover_no_ragged_remainder" time="0.000" /><testcase classname="tests.test_chunked_fetch.TestTileGridMath" name="test_every_tile_within_threshold" time="0.000" /><testcase classname="tests.test_chunked_fetch.TestThreshold" name="test_below_threshold_no_tiling" time="0.000" /><testcase classname="tests.test_chunked_fetch.TestThreshold" name="test_exactly_at_threshold_no_tiling" time="0.021" /><testcase classname="tests.test_chunked_fetch.TestThreshold" name="test_above_threshold_tiles" time="0.000" /><testcase classname="tests.test_chunked_fetch.TestThreshold" name="test_configurable_threshold" time="0.000" /><testcase classname="tests.test_chunked_fetch.TestMerge" name="test_dedupe_by_element_id" time="0.225" /><testcase classname="tests.test_chunked_fetch.TestMerge" name="test_boundary_way_keeps_full_node_list" time="0.001" /><testcase classname="tests.test_chunked_fetch.TestMerge" name="test_note_meta_taken_once" time="0.001" /><testcase classname="tests.test_chunked_fetch.TestMerge" name="test_relations_deduped" time="0.001" /><testcase classname="tests.test_chunked_fetch.TestFetchBehavior" name="test_small_bbox_single_request_unchanged_path" time="0.048" /><testcase classname="tests.test_chunked_fetch.TestFetchBehavior" name="test_large_bbox_tiled_and_merged" time="0.239" /><testcase classname="tests.test_chunked_fetch.TestFetchBehavior" name="test_429_retry_backoff_preserved" time="0.045" /><testcase classname="tests.test_chunked_fetch.TestFetchBehavior" name="test_429_exhaustion_raises" time="0.011" /><testcase classname="tests.test_chunked_fetch.TestFetchBehavior" name="test_non_429_http_error_raises_immediately" time="0.001" /><testcase classname="tests.test_chunked_fetch.TestStreaming" name="test_chunked_reads_via_temp_file" time="0.067" /><testcase classname="tests.test_chunked_fetch.TestCacheInterplay" name="test_existing_cache_skips_network" time="0.127" /><testcase classname="tests.test_chunked_fetch.TestCacheInterplay" name="test_tiled_result_written_to_cache_and_reused" time="0.142" /><testcase classname="tests.test_garagegps" name="test_schema_valid_json" time="0.005" /><testcase classname="tests.test_garagegps" name="test_sample_build_valid" time="0.170" /><testcase classname="tests.test_garagegps" name="test_build_command" time="0.219" /><testcase classname="tests.test_garagegps" name="test_export_unreal" time="0.119" /><testcase classname="tests.test_garagegps" name="test_export_carla" time="0.112" /><testcase classname="tests.test_garagegps" name="test_invalid_build_fails" time="0.403" /><testcase classname="tests.test_garagegps_extended" name="test_part_catalog_loads" time="0.003" /><testcase classname="tests.test_garagegps_extended" name="test_part_catalog_has_required_slots" time="0.000" /><testcase classname="tests.test_garagegps_extended" name="test_part_catalog_triangle_budgets_positive" time="0.002" /><testcase classname="tests.test_garagegps_extended" name="test_part_catalog_ids_match_keys" time="0.003" /><testcase classname="tests.test_garagegps_extended" name="test_part_lookup" time="0.000" /><testcase classname="tests.test_garagegps_extended" name="test_part_lookup_missing" time="0.003" /><testcase classname="tests.test_garagegps_extended" name="test_list_parts_by_slot" time="0.000" /><testcase classname="tests.test_garagegps_extended" name="test_list_compatible_parts_coupe" time="0.000" /><testcase classname="tests.test_garagegps_extended" name="test_list_compatible_parts_sedan_pursuit" time="0.000" /><testcase classname="tests.test_garagegps_extended" name="test_check_part_compatibility_ok" time="0.000" /><testcase classname="tests.test_garagegps_extended" name="test_check_part_compatibility_bad_style" time="0.003" /><testcase classname="tests.test_garagegps_extended" name="test_check_part_compatibility_bad_chassis" time="0.000" /><testcase classname="tests.test_garagegps_extended" name="test_triangle_budget_sum" time="0.003" /><testcase classname="tests.test_garagegps_extended" name="test_budget_check_pass" time="0.000" /><testcase classname="tests.test_garagegps_extended" name="test_budget_check_fail" time="0.001" /><testcase classname="tests.test_garagegps_extended" name="test_material_catalog_loads" time="0.000" /><testcase classname="tests.test_garagegps_extended" name="test_paint_presets_count" time="0.000" /><testcase classname="tests.test_garagegps_extended" name="test_paint_preset_fields" time="0.000" /><testcase classname="tests.test_garagegps_extended" name="test_glass_tints_count" time="0.000" /><testcase classname="tests.test_garagegps_extended" name="test_underglow_colors_count" time="0.000" /><testcase classname="tests.test_garagegps_extended" name="test_get_paint_preset" time="0.000" /><testcase classname="tests.test_garagegps_extended" name="test_validate_material_values_ok" time="0.000" /><testcase classname="tests.test_garagegps_extended" name="test_validate_material_values_out_of_range" time="0.002" /><testcase classname="tests.test_garagegps_extended" name="test_validate_material_values_bad_color" time="0.000" /><testcase classname="tests.test_garagegps_extended" name="test_perf_catalog_loads" time="0.000" /><testcase classname="tests.test_garagegps_extended" name="test_perf_presets_list" time="0.000" /><testcase classname="tests.test_garagegps_extended" name="test_get_preset" time="0.001" /><testcase classname="tests.test_garagegps_extended" name="test_validate_preset_values_ok" time="0.000" /><testcase classname="tests.test_garagegps_extended" name="test_validate_preset_values_bad_mass" time="0.000" /><testcase classname="tests.test_garagegps_extended" name="test_all_builds_exist" time="0.000" /><testcase classname="tests.test_garagegps_extended" name="test_all_builds_valid" time="0.031" /><testcase classname="tests.test_garagegps_extended" name="test_build_pursuit_sedan_has_pursuit_parts" time="0.001" /><testcase classname="tests.test_garagegps_extended" name="test_build_rally_hatch_sprint_kit_compatible" time="0.001" /><testcase classname="tests.test_garagegps_extended" name="test_build_budgets_under_limit" time="0.001" /><testcase classname="tests.test_garagegps_extended" name="test_cli_validate[akron_street_coupe_001.json]" time="0.137" /><testcase classname="tests.test_garagegps_extended" name="test_cli_validate[akron_pursuit_sedan_001.json]" time="0.123" /><testcase classname="tests.test_garagegps_extended" name="test_cli_validate[akron_rally_hatch_001.json]" time="0.121" /><testcase classname="tests.test_garagegps_extended" name="test_cli_build[akron_street_coupe_001.json]" time="0.114" /><testcase classname="tests.test_garagegps_extended" name="test_cli_build[akron_pursuit_sedan_001.json]" time="0.254" /><testcase classname="tests.test_garagegps_extended" name="test_cli_build[akron_rally_hatch_001.json]" time="0.165" /><testcase classname="tests.test_garagegps_extended" name="test_cli_export_unreal[akron_street_coupe_001.json]" time="0.272" /><testcase classname="tests.test_garagegps_extended" name="test_cli_export_unreal[akron_pursuit_sedan_001.json]" time="0.134" /><testcase classname="tests.test_garagegps_extended" name="test_cli_export_unreal[akron_rally_hatch_001.json]" time="0.579" /><testcase classname="tests.test_garagegps_extended" name="test_cli_export_carla[akron_street_coupe_001.json]" time="0.153" /><testcase classname="tests.test_garagegps_extended" name="test_cli_export_carla[akron_pursuit_sedan_001.json]" time="0.308" /><testcase classname="tests.test_garagegps_extended" name="test_cli_export_carla[akron_rally_hatch_001.json]" time="0.146" /><testcase classname="tests.test_import_pipeline.TestValidation" name="test_valid_engine_idle" time="0.000" /><testcase classname="tests.test_import_pipeline.TestValidation" name="test_valid_tire_skid" time="0.000" /><testcase classname="tests.test_import_pipeline.TestValidation" name="test_valid_ui_click" time="0.000" /><testcase classname="tests.test_import_pipeline.TestValidation" name="test_valid_ogg_extension" time="0.000" /><testcase classname="tests.test_import_pipeline.TestValidation" name="test_invalid_missing_prefix" time="0.000" /><testcase classname="tests.test_import_pipeline.TestValidation" name="test_invalid_category" time="0.000" /><testcase classname="tests.test_import_pipeline.TestValidation" name="test_invalid_index" time="0.000" /><testcase classname="tests.test_import_pipeline.TestValidation" name="test_folder_mapping" time="0.000" /><testcase classname="tests.test_import_pipeline.TestValidation" name="test_folder_mapping_ui" time="0.000" /><testcase classname="tests.test_import_pipeline.TestLoopMetadata" name="test_loopable_long" time="0.002" /><testcase classname="tests.test_import_pipeline.TestLoopMetadata" name="test_non_loopable_short" time="0.001" /><testcase classname="tests.test_import_pipeline.TestProbeAudio" name="test_probe_wav_python" time="0.001" /><testcase classname="tests.test_import_pipeline.TestNormalizeAudio" name="test_normalize_changes_format" time="0.110" /><testcase classname="tests.test_import_pipeline.TestStageValidate" name="test_validate_directory" time="0.001" /><testcase classname="tests.test_import_pipeline.TestStageNormalize" name="test_normalize_directory" time="0.371" /><testcase classname="tests.test_import_pipeline.TestFullPipeline" name="test_full_pipeline_creates_manifest" time="0.001" /><testcase classname="tests.test_import_pipeline.TestCLI" name="test_cli_validate" time="0.002" /><testcase classname="tests.test_import_pipeline.TestCLI" name="test_cli_normalize" time="0.283" /><testcase classname="tests.test_installer_integrity" name="test_preflight_header_exists" time="0.000" /><testcase classname="tests.test_installer_integrity" name="test_preflight_cpp_exists" time="0.000" /><testcase classname="tests.test_installer_integrity" name="test_onboarding_header_exists" time="0.000" /><testcase classname="tests.test_installer_integrity" name="test_onboarding_cpp_exists" time="0.000" /><testcase classname="tests.test_installer_integrity" name="test_settings_auto_config_header" time="0.000" /><testcase classname="tests.test_installer_integrity" name="test_settings_auto_config_cpp" time="0.000" /><testcase classname="tests.test_installer_integrity" name="test_installer_docs" time="0.000" /><testcase classname="tests.test_installer_integrity" name="test_nsis_script" time="0.000" /><testcase classname="tests.test_installer_integrity" name="test_linux_installer_script" time="0.000" /><testcase classname="tests.test_installer_integrity" name="test_ue5_setup_ps1_exists" time="0.000" /><testcase classname="tests.test_installer_integrity" name="test_ue5_setup_bat_exists" time="0.000" /><testcase classname="tests.test_installer_integrity" name="test_build_cs_includes_json" time="0.000" /><testcase classname="tests.test_installer_integrity" name="test_python_editor_widget_valid_syntax" time="0.002" /><testcase classname="tests.test_levelspec.TestLevelSpecSchema" name="test_top_level_fields" time="0.054" /><testcase classname="tests.test_levelspec.TestLevelSpecSchema" name="test_origin_matches_manifest" time="0.000" /><testcase classname="tests.test_levelspec.TestLevelSpecSchema" name="test_spawn_points_count" time="0.000" /><testcase classname="tests.test_levelspec.TestLevelSpecSchema" name="test_routes_count" time="0.000" /><testcase classname="tests.test_levelspec.TestLevelSpecSchema" name="test_route_fields" time="0.000" /><testcase classname="tests.test_levelspec.TestLevelSpecSchema" name="test_lighting_fields" time="0.000" /><testcase classname="tests.test_levelspec.TestLevelSpecSchema" name="test_day_night_cycle_fields" time="0.000" /><testcase classname="tests.test_levelspec.TestLevelSpecSchema" name="test_metadata" time="0.000" /><testcase classname="tests.test_levelspec.TestSpawnPointsInBounds" name="test_all_spawns_inside_world_bounds" time="0.000" /><testcase classname="tests.test_levelspec.TestSpawnPointsInBounds" name="test_all_spawns_inside_manifest_bounds" time="0.000" /><testcase classname="tests.test_levelspec.TestRouteDistances" name="test_route_distances_match_manifest" time="0.000" /><testcase classname="tests.test_levelspec.TestRouteDistances" name="test_spline_path_length_approximates_distance" time="0.000" /><testcase classname="tests.test_levelspec.TestRouteDistances" name="test_checkpoints_near_spline" time="0.000" /><testcase classname="tests.test_levelspec.TestRouteDistances" name="test_spawn_point_matches_route_start" time="0.000" /><testcase classname="tests.test_racegps_garage_system" name="test_handling_preset_files_are_canonical_and_complete" time="0.001" /><testcase classname="tests.test_racegps_garage_system" name="test_game_instance_persists_vehicle_and_handling_mode_selection" time="0.000" /><testcase classname="tests.test_racegps_garage_system" name="test_main_menu_exposes_and_saves_two_axis_garage_selection" time="0.000" /><testcase classname="tests.test_racegps_garage_system" name="test_cruise_sprint_game_mode_merges_vehicle_class_and_handling_mode" time="0.000" /><testcase classname="tests.test_racegps_garage_system" name="test_runtime_city_loader_is_explicitly_legacy_not_primary_world_path" time="0.000" /><testcase classname="tests.test_racegps_onboarding_viability" name="test_preflight_summary_exposes_viability_gate_and_required_paths" time="0.000" /><testcase classname="tests.test_racegps_onboarding_viability" name="test_save_directory_check_does_not_false_pass_not_writable" time="0.000" /><testcase classname="tests.test_racegps_onboarding_viability" name="test_mark_first_run_complete_creates_config_dir_before_save" time="0.000" /><testcase classname="tests.test_racegps_onboarding_viability" name="test_onboarding_finish_persists_preflight_summary_for_clear_pass_fail" time="0.000" /><testcase classname="tests.test_racegps_onboarding_viability" name="test_main_menu_play_path_has_explicit_gate_for_missing_route_vehicle_or_handling" time="0.000" /><testcase classname="tests.test_racegps_onboarding_viability" name="test_race_start_proof_points_exist_in_game_mode" time="0.000" /><testcase classname="tests.test_racegps_onboarding_viability" name="test_readme_has_clear_editor_blocker_language_for_akronworld" time="0.000" /><testcase classname="tests.test_racegps_ux_polish" name="test_main_menu_exposes_polished_summary_surface" time="0.000" /><testcase classname="tests.test_racegps_ux_polish" name="test_onboarding_exposes_premium_step_copy_and_viability_message" time="0.000" /><testcase classname="tests.test_universal_compiler.TestGeocode" name="test_bounds_from_center" time="0.000" /><testcase classname="tests.test_universal_compiler.TestGeocode" name="test_expand_bounds" time="0.000" /><testcase classname="tests.test_universal_compiler.TestRoadNetwork" name="test_parse_maxspeed" time="0.000" /><testcase classname="tests.test_universal_compiler.TestRoadNetwork" name="test_build_road_graph_from_sample" time="0.000"><skipped type="pytest.skip" message="akron_raw.osm not available">/workspace/scratch/ce59bb710a7c/raceGPS/tests/test_universal_compiler.py:48: akron_raw.osm not available</skipped></testcase><testcase classname="tests.test_universal_compiler.TestRouteEngine" name="test_haversine" time="0.000" /><testcase classname="tests.test_universal_compiler.TestRouteEngine" name="test_generate_routes_basic" time="0.000"><skipped type="pytest.skip" message="akron_raw.osm not available">/workspace/scratch/ce59bb710a7c/raceGPS/tests/test_universal_compiler.py:75: akron_raw.osm not available</skipped></testcase><testcase classname="tests.test_universal_compiler.TestRouteEngine" name="test_place_checkpoints" time="0.000" /><testcase classname="tests.test_universal_compiler.TestPOIEngine" name="test_classify_tags" time="0.000" /><testcase classname="tests.test_universal_compiler.TestPOIEngine" name="test_classify_pois_from_sample" time="0.000"><skipped type="pytest.skip" message="akron_raw.osm not available">/workspace/scratch/ce59bb710a7c/raceGPS/tests/test_universal_compiler.py:118: akron_raw.osm not available</skipped></testcase><testcase classname="tests.test_universal_compiler.TestBuildingExtractor" name="test_estimate_height" time="0.000" /><testcase classname="tests.test_universal_compiler.TestBuildingExtractor" name="test_extract_buildings_from_sample" time="0.000"><skipped type="pytest.skip" message="akron_raw.osm not available">/workspace/scratch/ce59bb710a7c/raceGPS/tests/test_universal_compiler.py:140: akron_raw.osm not available</skipped></testcase><testcase classname="tests.test_universal_compiler.TestExportBundle" name="test_export_bundle_structure" time="0.002" /><testcase classname="tests.test_validate_citypack.TestNearMissJunctions" name="test_near_miss_pair_flagged_and_snapped" time="0.000" /><testcase classname="tests.test_validate_citypack.TestNearMissJunctions" name="test_far_gap_is_not_near_miss" time="0.000" /><testcase classname="tests.test_validate_citypack.TestNearMissJunctions" name="test_exact_shared_endpoint_is_not_near_miss" time="0.000" /><testcase classname="tests.test_validate_citypack.TestNearMissJunctions" name="test_empty_roads" time="0.000" /><testcase classname="tests.test_validate_citypack.TestIntersectionConnectivity" name="test_connected_via_intersections" time="0.000" /><testcase classname="tests.test_validate_citypack.TestIntersectionConnectivity" name="test_fragmented_graph" time="0.000" /><testcase classname="tests.test_validate_citypack.TestRoutes" name="test_valid_route_passes" time="0.000" /><testcase classname="tests.test_validate_citypack.TestRoutes" name="test_too_short_route_is_error" time="0.000" /><testcase classname="tests.test_validate_citypack.TestRoutes" name="test_too_long_route_is_error" time="0.000" /><testcase classname="tests.test_validate_citypack.TestRoutes" name="test_boundary_lengths_pass" time="0.000" /><testcase classname="tests.test_validate_citypack.TestRoutes" name="test_length_computed_from_points_when_missing" time="0.000" /><testcase classname="tests.test_validate_citypack.TestRoutes" name="test_route_off_network_warns" time="0.001" /><testcase classname="tests.test_validate_citypack.TestRoutes" name="test_route_on_network_no_warning" time="0.001" /><testcase classname="tests.test_validate_citypack.TestRoutes" name="test_loop_route_with_gap_warns" time="0.000" /><testcase classname="tests.test_validate_citypack.TestRoutes" name="test_closed_loop_route_passes" time="0.001" /><testcase classname="tests.test_validate_citypack.TestRoutes" name="test_sprint_route_gap_is_fine" time="0.000" /><testcase classname="tests.test_validate_citypack.TestRoadGeometry" name="test_duplicate_consecutive_points_warn" time="0.000" /><testcase classname="tests.test_validate_citypack.TestRoadGeometry" name="test_zero_length_segment_warn" time="0.000" /><testcase classname="tests.test_validate_citypack.TestRoadGeometry" name="test_out_of_range_coordinate_is_error" time="0.000" /><testcase classname="tests.test_validate_citypack.TestRoadGeometry" name="test_out_of_bounds_warns" time="0.000" /><testcase classname="tests.test_validate_citypack.TestRoadGeometry" name="test_degenerate_road_warns" time="0.000" /><testcase classname="tests.test_validate_citypack.TestRoadGeometry" name="test_sparse_polyline_warns" time="0.000" /><testcase classname="tests.test_validate_citypack.TestRoadGeometry" name="test_clean_roads_no_issues" time="0.000" /><testcase classname="tests.test_validate_citypack.TestHelpers" name="test_extract_points_both_shapes" time="0.000" /><testcase classname="tests.test_validate_citypack.TestHelpers" name="test_haversine_known_distance" time="0.000" /><testcase classname="tests.test_validate_citypack.TestCliBackwardCompat" name="test_valid_pack_passes_exit_0" time="0.048" /><testcase classname="tests.test_validate_citypack.TestCliBackwardCompat" name="test_existing_schema_error_still_fails" time="0.049" /><testcase classname="tests.test_validate_citypack.TestCliBackwardCompat" name="test_missing_files_still_fail" time="0.059" /><testcase classname="tests.test_validate_citypack.TestCliBackwardCompat" name="test_missing_directory_fails" time="0.050" /><testcase classname="tests.test_validate_citypack.TestCliBackwardCompat" name="test_disconnected_exact_graph_still_fails" time="0.051" /><testcase classname="tests.test_validate_citypack.TestCliBackwardCompat" name="test_warnings_alone_do_not_fail" time="0.050" /><testcase classname="tests.test_validate_citypack.TestCliBackwardCompat" name="test_near_miss_pack_warns_and_fails_exact" time="0.056" /><testcase classname="tests.test_validate_citypack.TestCliBackwardCompat" name="test_summary_counts_present" time="0.063" /><testcase classname="tests.test_validate_citypack" name="test_akron_citypack_runs_and_reports" time="2.021" /><testcase classname="tests.test_validate_citypack.TestManifestNamedPacks" name="test_manifest_and_named_xodr_satisfy_requirements" time="0.049" /><testcase classname="tests.test_validate_citypack.TestManifestNamedPacks" name="test_road_graph_fallback_downgrades_missing_xodr" time="0.050" /><testcase classname="tests.test_validate_citypack.TestManifestNamedPacks" name="test_no_xodr_and_no_road_graph_still_errors" time="0.049" /><testcase classname="tests.test_validate_citypack.TestManifestNamedPacks" name="test_citypack_json_still_checked_when_present" time="0.053" /><testcase classname="tests.test_visuals" name="test_scalability_ini_exists" time="0.000" /><testcase classname="tests.test_visuals" name="test_default_engine_rendering_settings" time="0.001" /><testcase classname="tests.test_visuals" name="test_material_provider_header" time="0.000" /><testcase classname="tests.test_visuals" name="test_visual_quality_settings_header" time="0.000" /><testcase classname="tests.test_visuals" name="test_post_process_controller_header" time="0.000" /><testcase classname="tests.test_visuals" name="test_day_night_cycle_has_atmosphere" time="0.000" /><testcase classname="tests.test_visuals" name="test_weather_system_has_niagara" time="0.000" /><testcase classname="tests.test_visuals" name="test_build_cs_has_niagara" time="0.001" /><testcase classname="tests.test_visuals" name="test_vehicle_slot_mapping_json" time="0.000" /><testcase classname="tests.test_visuals" name="test_environment_visual_config_json" time="0.000" /><testcase classname="tests.test_visuals" name="test_vehicle_asset_standard_doc" time="0.000" /><testcase classname="tests.test_visuals" name="test_asset_import_pipeline_script" time="0.000" /><testcase classname="tests.test_visuals" name="test_master_material_descriptors_generated" time="0.086" /><testcase classname="tests.test_visuals" name="test_master_material_descriptor_schema" time="0.001" /><testcase classname="tests.test_visuals" name="test_material_provider_paths_match_descriptors" time="0.001" /><testcase classname="tests.test_visuals" name="test_niagara_descriptor_files" time="0.000" /><testcase classname="tests.test_visuals" name="test_post_process_tier_consistency" time="0.001" /></testsuite></testsuites>