============================= test session starts =============================
platform win32 -- Python 3.11.15, pytest-9.0.2, pluggy-1.6.0 -- C:\Users\cgp22\AppData\Local\hermes\hermes-agent\venv\Scripts\python.exe
cachedir: .pytest_cache
rootdir: C:\projects\raceGPS-grokbot-cleveland
configfile: pytest.ini
plugins: anyio-4.12.1, langsmith-0.10.4, asyncio-1.3.0, timeout-2.4.0
asyncio: mode=Mode.STRICT, debug=False, asyncio_default_fixture_loop_scope=None, asyncio_default_test_loop_scope=function
collecting ... collected 7 items

tests/test_cleveland_circuit.py::test_closed_loop PASSED                 [ 14%]
tests/test_cleveland_circuit.py::test_ten_turns PASSED                   [ 28%]
tests/test_cleveland_circuit.py::test_length_within_5_percent PASSED     [ 42%]
tests/test_cleveland_circuit.py::test_checkpoint_s_monotonic_and_start_finish PASSED [ 57%]
tests/test_cleveland_circuit.py::test_pack_required_files_present PASSED [ 71%]
tests/test_cleveland_circuit.py::test_metadata_provisional_and_not_1982 PASSED [ 85%]
tests/test_cleveland_circuit.py::test_manifest_points_at_pack_files PASSED [100%]

============================== 7 passed in 0.10s ==============================
